[debug] [2020-10-02T21:24:03.726Z] ----------------------------------------------------------------------
[debug] [2020-10-02T21:24:03.727Z] Command:       C:\Program Files\nodejs\node.exe C:\Users\dj002\AppData\Roaming\npm\node_modules\firebase-tools\lib\bin\firebase.js emulators:start
[debug] [2020-10-02T21:24:03.728Z] CLI Version:   8.11.2
[debug] [2020-10-02T21:24:03.728Z] Platform:      win32
[debug] [2020-10-02T21:24:03.728Z] Node Version:  v12.18.3
[debug] [2020-10-02T21:24:03.729Z] Time:          Sat Oct 03 2020 02:54:03 GMT+0530 (India Standard Time)
[debug] [2020-10-02T21:24:03.729Z] ----------------------------------------------------------------------
[debug] [2020-10-02T21:24:03.729Z] 
[debug] [2020-10-02T21:24:03.737Z] > command requires scopes: ["email","openid","https://www.googleapis.com/auth/cloudplatformprojects.readonly","https://www.googleapis.com/auth/firebase","https://www.googleapis.com/auth/cloud-platform"]
[debug] [2020-10-02T21:24:03.739Z] > authorizing via signed-in user
[info] i  emulators: Starting emulators: functions, hosting {"metadata":{"emulator":{"name":"hub"},"message":"Starting emulators: functions, hosting"}}
[debug] [2020-10-02T21:24:05.756Z] [hub] writing locator at C:\Users\dj002\AppData\Local\Temp\hub-api-function-webapp.json
[warn] !  functions: The following emulators are not running, calls to these services from the Functions emulator will affect production: auth, firestore, database, pubsub {"metadata":{"emulator":{"name":"functions"},"message":"The following emulators are not running, calls to these services from the Functions emulator will affect production: \u001b[1mauth, firestore, database, pubsub\u001b[22m"}}
[warn] !  Your requested "node" version "10" doesn't match your global version "12" {"metadata":{"emulator":{"name":"functions"},"message":"Your requested \"node\" version \"10\" doesn't match your global version \"12\""}}
[debug] [2020-10-02T21:24:07.964Z] defaultcredentials: writing to file C:\Users\dj002\AppData\Roaming\firebase\dj0024javia_gmail_com_application_default_credentials.json
[debug] [2020-10-02T21:24:07.966Z] Setting GAC to C:\Users\dj002\AppData\Roaming\firebase\dj0024javia_gmail_com_application_default_credentials.json {"metadata":{"emulator":{"name":"functions"},"message":"Setting GAC to C:\\Users\\dj002\\AppData\\Roaming\\firebase\\dj0024javia_gmail_com_application_default_credentials.json"}}
[debug] [2020-10-02T21:24:09.978Z] >>> HTTP REQUEST GET https://firebase.googleapis.com/v1beta1/projects/api-function-webapp/webApps/-/config  
 
[debug] [2020-10-02T21:24:11.439Z] <<< HTTP RESPONSE 200 {"content-type":"application/json; charset=UTF-8","vary":"X-Origin, Referer, Origin,Accept-Encoding","date":"Fri, 02 Oct 2020 21:24:12 GMT","server":"ESF","cache-control":"private","x-xss-protection":"0","x-frame-options":"SAMEORIGIN","x-content-type-options":"nosniff","alt-svc":"h3-Q050=\":443\"; ma=2592000,h3-29=\":443\"; ma=2592000,h3-27=\":443\"; ma=2592000,h3-T051=\":443\"; ma=2592000,h3-T050=\":443\"; ma=2592000,h3-Q046=\":443\"; ma=2592000,h3-Q043=\":443\"; ma=2592000,quic=\":443\"; ma=2592000; v=\"46,43\"","accept-ranges":"none","transfer-encoding":"chunked"}
[info] i  hosting: Serving hosting files from: build {"metadata":{"emulator":{"name":"hosting"},"message":"Serving hosting files from: \u001b[1mbuild\u001b[22m"}}
[info] +  hosting: Local server: http://localhost:5000 {"metadata":{"emulator":{"name":"hosting"},"message":"Local server: \u001b[4m\u001b[1mhttp://localhost:5000\u001b[22m\u001b[24m"}}
[debug] [2020-10-02T21:24:15.480Z] Ignoring unsupported arg: auto_download {"metadata":{"emulator":{"name":"ui"},"message":"Ignoring unsupported arg: auto_download"}}
[debug] [2020-10-02T21:24:15.481Z] Ignoring unsupported arg: port {"metadata":{"emulator":{"name":"ui"},"message":"Ignoring unsupported arg: port"}}
[debug] [2020-10-02T21:24:15.481Z] Starting Emulator UI with command {"binary":"node","args":["C:\\Users\\dj002\\.cache\\firebase\\emulators\\ui-v1.1.1\\server.bundle.js"],"optionalArgs":[],"joinArgs":false} {"metadata":{"emulator":{"name":"ui"},"message":"Starting Emulator UI with command {\"binary\":\"node\",\"args\":[\"C:\\\\Users\\\\dj002\\\\.cache\\\\firebase\\\\emulators\\\\ui-v1.1.1\\\\server.bundle.js\"],\"optionalArgs\":[],\"joinArgs\":false}"}}
[info] i  ui: Emulator UI logging to ui-debug.log {"metadata":{"emulator":{"name":"ui"},"message":"Emulator UI logging to \u001b[1mui-debug.log\u001b[22m"}}
[debug] [2020-10-02T21:24:15.856Z] Web / API server started at http://localhost:4000
 {"metadata":{"emulator":{"name":"ui"},"message":"Web / API server started at http://localhost:4000\n"}}
[info] i  functions: Watching "D:\reactjs\PWJ\store-locator\functions" for Cloud Functions... {"metadata":{"emulator":{"name":"functions"},"message":"Watching \"D:\\reactjs\\PWJ\\store-locator\\functions\" for Cloud Functions..."}}
[debug] [2020-10-02T21:24:16.547Z] [worker-pool] addWorker(~diagnostic~) {"metadata":{"emulator":{"name":"functions"},"message":"[worker-pool] addWorker(~diagnostic~)"}}
[debug] [2020-10-02T21:24:16.547Z] [worker-pool] Adding worker with key ~diagnostic~, total=1 {"metadata":{"emulator":{"name":"functions"},"message":"[worker-pool] Adding worker with key ~diagnostic~, total=1"}}
[debug] [2020-10-02T21:24:16.548Z] [worker-pool] submitWork(triggerId=) {"metadata":{"emulator":{"name":"functions"},"message":"[worker-pool] submitWork(triggerId=)"}}
[debug] [2020-10-02T21:24:16.548Z] [worker-~diagnostic~-73eb814b-369f-405d-9356-e4a8e0af9db2]: Assigning socketPath: \\?\pipe\D:\reactjs\PWJ\store-locator\functions\13876 {"metadata":{"emulator":{"name":"functions"},"message":"[worker-~diagnostic~-73eb814b-369f-405d-9356-e4a8e0af9db2]: Assigning socketPath: \\\\?\\pipe\\D:\\reactjs\\PWJ\\store-locator\\functions\\13876"}}
[debug] [2020-10-02T21:24:16.548Z] [worker-~diagnostic~-73eb814b-369f-405d-9356-e4a8e0af9db2]: BUSY {"metadata":{"emulator":{"name":"functions"},"message":"[worker-~diagnostic~-73eb814b-369f-405d-9356-e4a8e0af9db2]: BUSY"}}
